GAMS 25.1.3  r4e34d435fbd Released Oct 30, 2018 WEX-WEI x86 64bit/MS Windows 06/15/19 11:15:13 Page 1
G e n e r a l   A l g e b r a i c   M o d e l i n g   S y s t e m
C o m p i l a t i o n


   1  option limrow=0;
   2  * 'number of cases output in the LST file for each named var.'
   3  option limcol=0;
   4  * # number of decimals being displayed in the output
   5  option decimals=8;
   6  * # lmit time: 4 hours for NEOS
   7  option reslim=14400;
   8   
   9  * # Force a compilation error if GAMS Rev 240 or higher is not used
  11   
  12  * Definitions:
  13  * ------------
  14  * Number of parameters
  18  * Data sets:
  19  * ----------
  20  SET      np      'number of support points'      /1*7/;
  21  SET      nth     'number of parameters'          /1*6/;
  22  SET      nv      'number of variables'           /1*3/;
  23  alias(np1,np);
  24  alias(nth1,nth2, nth);
  25   
  26  * Parameters:
  27  *------------
  28  PARAMETER        npz             'max. number of points total',
  29                   Ring(nv)               'Ingredient availability.'
  30                   lambda          'Amount of mixture for one experimental r
      un'
  31                   BigM            'limit'
  32                   par(np)         'parameters - local values';
  33  Ring('1')        =       1.5;
  34  Ring('2')        =       3.0;
  35  Ring('3')        =       3.0;
  36  lambda           =       1;
  37  npz              =       card(np);
  38  BigM             =       npz;
  39   
  40   
  41  * Variables:
  42  *-----------
  43  VARIABLES
  44  x(nv,np)         'variable x - positions of the design points',
  45  dif_th(nth,np)   'derivatives wrt parameters',
  46  fim_th(nth,nth)  'FIM'
  47  lm(nth,nth)      'matrix L'
  48  detA             'determinant'
  49  z(nv,np)         'variable z - products of binary and continuous variables
      '
  50   
  51  * Binary Variables:
  52  BINARY VARIABLES
  53  y(np) 'variables y - decision of including support point or not';
  54   
  55  EQUATIONS
  56  vec_fim1(np)           'derivatives',
  57  vec_fim2(np)           'derivatives',
  58  vec_fim3(np)           'derivatives',
  59  vec_fim4(np)           'derivatives',
  60  vec_fim5(np)           'derivatives',
  61  vec_fim6(np)           'derivatives',
  62   
  63  mat_fim(nth,nth)       'terms of the FIM after summing'
  64   
  65  * eq for D-optimality (and E-optimality)
  66  eq_l(nth,nth)          'terms of L matrix'
  67  eq_u1(nth,nth)         'terms of L matrix =0'
  68  symm_fim(nth,nth)      'Symmetry of the FIM'
  69  chol_sta(nth,nth)      'Cholesky factorization stability criteria'
  70   
  71  * eq for mixtures
  72  const_mixt(np)         'constraints on mixtures'
  73  ing_avail(nv)         'ingredient availability constraints'
  74   
  75  * eq for linearizing quadratic constraint (ingredient availability const.)
  76  lin_iav_1(nv, np)        'linearization of ingredient availability const.'
  77  lin_iav_2(nv, np)
  78  lin_iav_3(nv, np)
  79   
  80  * others
  81  ord_nw(np)             'ordering points constraint'
  82  *est_model1         'model must be estimable'
  83  *est_model2         'model must be estimable'
  84  *est_model3         'model must be estimable'
  85  *est_model4         'model must be estimable'
  86  *est_model5         'model must be estimable'
  87  *est_model6         'model must be estimable'
  88  eq_det                 'determinant computation - D-optimality'
  89  ;
  90   
  91  * Equations:
  92  *-----------
  93  * derivatives wrt parameters
  94  vec_fim1(np)  ..       dif_th('1',np) =e=   x('1',np);
  95  vec_fim2(np)  ..       dif_th('2',np) =e=   x('2',np);
  96  vec_fim3(np)  ..       dif_th('3',np) =e=   x('3',np);
  97  vec_fim4(np)  ..       dif_th('4',np) =e=   x('1',np)*x('2',np);
  98  vec_fim5(np)  ..       dif_th('5',np) =e=   x('1',np)*x('3',np);
  99  vec_fim6(np)  ..       dif_th('6',np) =e=   x('2',np)*x('3',np);
 100   
 101  * FIM
 102  mat_fim(nth,nth1).. fim_th(nth, nth1) =e=
 103    sum[np,(y(np)/npz)*dif_th(nth, np)*dif_th(nth1,np)];
 104   
 105  * Symmetry of FIM
 106  symm_fim(nth,nth1)$(nth.ord lt nth1.ord).. fim_th(nth,nth1) =e= fim_th(nth
      1,nth);
 107   
 108  **             nw(np)
 109  * Cholesky L*L^T decomposition for A-, D- and E-optimality
 110  eq_l(nth,nth1)$(nth.ord ge nth1.ord).. fim_th(nth,nth1)  =e=
 111    sum[nth2,lm(nth,nth2)*lm(nth1,nth2)];
 112  eq_u1(nth,nth1)$(nth.ord lt nth1.ord).. lm(nth,nth1) =e= 0;
 113   
 114  * Condition for numerical stability in Cholesky factorization
 115  chol_sta(nth,nth).. fim_th(nth,nth) =g= sum[nth1$(nth1.ord lt nth.ord),sqr
      [lm(nth,nth1)]];
 116   
 117  * Mixture runs must sum to one
 118  const_mixt(np) .. sum[nv, x(nv,np)] =e= 1;
 119   
 120  * Ingredient availability constraints
 121  ing_avail(nv) .. sum[np, lambda*z(nv,np)] =l= Ring(nv);
 122  lin_iav_1(nv, np) .. z(nv,np) =l= y(np);
 123  lin_iav_2(nv, np) .. z(nv,np) =l= x(nv,np);
 124  lin_iav_3(nv, np) .. z(nv,np) =g= x(nv,np) - (1 - y(np));
 125   
 126  * ordering constraint
 127  ord_nw(np)$(np.ord gt 1).. y(np) =l= y(np-1);
 128   
 129  * Model must be estimable
 130  *est_model1 .. y('1') =e= 1;
 131  *est_model2 .. y('2') =e= 1;
 132  *est_model3 .. y('3') =e= 1;
 133  *est_model4 .. y('4') =e= 1;
 134  *est_model5 .. y('5') =e= 1;
 135  *est_model6 .. y('6') =e= 1;
 136   
 137  * equation for det. computation - for D-optimality
 138  eq_det.. detA =e= sum[nth, log[lm(nth,nth)]];
 139   
 140  * problem
 141  model COMMON /vec_fim1, vec_fim2, vec_fim3, vec_fim4, vec_fim5, vec_fim6,
 142                mat_fim, symm_fim, eq_l, eq_u1, chol_sta, ing_avail, ord_nw,
 143                const_mixt,  lin_iav_1, lin_iav_2, lin_iav_3/;
 144  * model for D-optimal designs
 145  model D_opt /COMMON,eq_det/;
 146   
 147  * parameters for solving
 148  option optcr = 1.0e-5;
 149  option optca = 1.0e-6;
 150  option iterlim = 2000000000;
 151  option domlim = 1000;
 152  option rminlp = conopt4;
 153  option minlp = scip;
 154  *option nlp = ipopt;
 155  option bratio = 1;
 156  option decimals = 8;
 157  D_opt.optfile = 1;
 158   
 159  * initial values
 160  $macro ResetboundsOnYforD
 161  x.lo('1',np)            =       0.0;
 162  x.lo('2',np)            =       0.0;
 163  x.lo('3',np)            =       0.0;
 164  x.up('1',np)            =       1.0;
 165  x.up('2',np)            =       1.0;
 166  x.up('3',np)            =       1.0;
 167   
 168  * Product variables
 169  z.lo('1',np)            =       0.0;
 170  z.lo('2',np)            =       0.0;
 171  z.lo('3',np)            =       0.0;
 172  z.up('1',np)            =       1.0;
 173  z.up('2',np)            =       1.0;
 174  z.up('3',np)            =       1.0;
 175   
 176  * Product variables
 177  y.lo('1')            =       1.0;
 178  y.lo('2')            =       1.0;
 179  y.lo('3')            =       1.0;
 180  y.lo('4')            =       1.0;
 181  y.lo('5')            =       1.0;
 182  y.lo('6')            =       1.0;
 183  y.up('1')            =       1.0;
 184  y.up('2')            =       1.0;
 185  y.up('3')            =       1.0;
 186  y.up('4')            =       1.0;
 187  y.up('5')            =       1.0;
 188  y.up('6')            =       1.0;
 189   
 190  * Initial parameters
 191  dif_th.lo(nth,np1)      =       -0.1;
 192  dif_th.up(nth,np1)      =       1.1;
 193   
 194  fim_th.lo(nth, nth1)    =       -0.1;
 195  fim_th.up(nth, nth1)    =       1.1;
 196   
 197  * initialization for D-optimality
 198  lm.lo(nth,nth1)         =       -1;
 199  lm.lo(nth,nth)          =       1.0e-5;
 200  lm.up(nth,nth1)         =       1;
 201   
 202   
 203  detA.lo = -50.0;
 204  detA.up = 50.0;
 205   
 206  D_opt.scaleopt = 1;
 207   
 208  * saving results
 209  parameters
 210  xsol(nv, np)         'save solutions for points for all 3 criteria',
 211  nsol(np)             'save solutions for n for all 3 criteria',
 212  opt                  'save optimal value'
 213  modelstat            'save the status of the model'
 214  time                 'save the CPU time'
 215   
 216  * solution for D-optimality
 217  solve D_opt using minlp maximizing detA;
 218  xsol(nv, np)        =       x.l(nv, np);
 219  nsol(np)            =       y.l(np);
 220  opt                 =       detA.l;
 221  modelstat           =       D_opt.modelstat;
 222  time                =       D_opt.resusd;


COMPILATION TIME     =        0.000 SECONDS
      3 MB  25.1.3 r4e34d435fbd WEX-WEI
GAMS 25.1.3  r4e34d435fbd Released Oct 30, 2018 WEX-WEI x86 64bit/MS Windows 06/15/19 11:15:13 Page 2
G e n e r a l   A l g e b r a i c   M o d e l i n g   S y s t e m
Model Statistics    SOLVE D_opt Using MINLP From line 217


MODEL STATISTICS

BLOCKS OF EQUATIONS          18     SINGLE EQUATIONS          215
BLOCKS OF VARIABLES           7     SINGLE VARIABLES          164  12 projected
NON ZERO ELEMENTS         1,366     NON LINEAR N-Z            993
DERIVATIVE POOL              20     CONSTANT POOL              17
CODE LENGTH               1,933     DISCRETE VARIABLES          1


GENERATION TIME      =        0.327 SECONDS
      4 MB  25.1.3 r4e34d435fbd WEX-WEI


EXECUTION TIME       =        0.327 SECONDS
      4 MB  25.1.3 r4e34d435fbd WEX-WEI
